app/build/intermediates/manifest_merge_blame_file/debug/processDebugMainManifest/manifest-merger-blame-debug-report.txt
1<?xml version="1.0" encoding="utf-8"?>
2<manifest xmlns:android="http://schemas.android.com/apk/res/android"
3    package="com.example.stepbystep"
4    android:versionCode="1"
5    android:versionName="1.0" >
6
7    <uses-sdk
8        android:minSdkVersion="24"
9        android:targetSdkVersion="35" />
10
11    <!-- ************ PERMISOS DE UBICACIÓN ************ -->
12    <!-- Permiso de ubicación precisa (requerido para el tracking GPS) -->
13    <uses-permission
13-->src/main/AndroidManifest.xml:8:5-9:48
14        android:name="android.permission.ACCESS_FINE_LOCATION"
14-->src/main/AndroidManifest.xml:8:22-76
15        android:required="true" />
15-->src/main/AndroidManifest.xml:9:22-45
16
17    <!-- Permiso de ubicación aproximada (implícito en versiones recientes de Android) -->
18    <uses-permission
18-->src/main/AndroidManifest.xml:12:5-13:49
19        android:name="android.permission.ACCESS_COARSE_LOCATION"
19-->src/main/AndroidManifest.xml:12:22-78
20        android:required="false" />
20-->src/main/AndroidManifest.xml:13:22-46
21
22    <!-- Permiso para tracking en segundo plano (Android 10+) -->
23    <uses-permission android:name="android.permission.ACCESS_BACKGROUND_LOCATION" />
23-->src/main/AndroidManifest.xml:16:5-85
23-->src/main/AndroidManifest.xml:16:22-82
24
25    <!-- ************ PERMISOS DE SERVICIO ************ -->
26    <!-- Permisos para servicios en primer plano -->
27    <uses-permission android:name="android.permission.FOREGROUND_SERVICE" />
27-->src/main/AndroidManifest.xml:20:5-77
27-->src/main/AndroidManifest.xml:20:22-74
28    <uses-permission android:name="android.permission.FOREGROUND_SERVICE_LOCATION" />
28-->src/main/AndroidManifest.xml:21:5-86
28-->src/main/AndroidManifest.xml:21:22-83
29    <uses-permission android:name="android.permission.WAKE_LOCK" />
29-->src/main/AndroidManifest.xml:22:5-68
29-->src/main/AndroidManifest.xml:22:22-65
30    <uses-permission android:name="android.permission.POST_NOTIFICATIONS" />
30-->src/main/AndroidManifest.xml:23:5-77
30-->src/main/AndroidManifest.xml:23:22-74
31
32    <!-- Opcional: Evitar que la app entre en modo doze -->
33    <uses-permission android:name="android.permission.REQUEST_IGNORE_BATTERY_OPTIMIZATIONS" />
33-->src/main/AndroidManifest.xml:26:5-95
33-->src/main/AndroidManifest.xml:26:22-92
34
35    <!-- ************ PERMISOS DE ALMACENAMIENTO ************ -->
36    <!-- Para acceso a imágenes en Android < 13 -->
37    <uses-permission
37-->src/main/AndroidManifest.xml:30:5-31:38
38        android:name="android.permission.READ_EXTERNAL_STORAGE"
38-->src/main/AndroidManifest.xml:30:22-77
39        android:maxSdkVersion="32" />
39-->src/main/AndroidManifest.xml:31:9-35
40    <!-- Para acceso a imágenes en Android 13+ -->
41    <uses-permission android:name="android.permission.READ_MEDIA_IMAGES" />
41-->src/main/AndroidManifest.xml:33:5-76
41-->src/main/AndroidManifest.xml:33:22-73
42
43    <!-- ************ CARACTERÍSTICAS DE HARDWARE ************ -->
44    <!-- Sensor barómetro (opcional para elevación más precisa) -->
45    <uses-feature
45-->src/main/AndroidManifest.xml:37:5-38:46
46        android:name="android.hardware.sensor.barometer"
46-->src/main/AndroidManifest.xml:37:19-67
47        android:required="false" />
47-->src/main/AndroidManifest.xml:38:19-43
48
49    <!-- Include required permissions for Google Maps API to run. -->
50    <uses-permission android:name="android.permission.ACCESS_NETWORK_STATE" />
50-->[com.google.android.gms:play-services-maps:19.1.0] AndroidManifest.xml:20:5-78
50-->[com.google.android.gms:play-services-maps:19.1.0] AndroidManifest.xml:20:22-76
51    <uses-permission android:name="android.permission.INTERNET" />
51-->[com.google.android.gms:play-services-maps:19.1.0] AndroidManifest.xml:21:5-66
51-->[com.google.android.gms:play-services-maps:19.1.0] AndroidManifest.xml:21:22-64
52
53    <uses-feature
53-->[com.google.android.gms:play-services-maps:19.1.0] AndroidManifest.xml:22:5-24:33
54        android:glEsVersion="0x00020000"
54-->[com.google.android.gms:play-services-maps:19.1.0] AndroidManifest.xml:23:8-40
55        android:required="true" />
55-->[com.google.android.gms:play-services-maps:19.1.0] AndroidManifest.xml:24:8-31
56
57    <queries>
57-->[com.google.android.gms:play-services-maps:19.1.0] AndroidManifest.xml:27:5-30:15
58
59        <!-- Needs to be explicitly declared on Android R+ -->
60        <package android:name="com.google.android.apps.maps" />
60-->[com.google.android.gms:play-services-maps:19.1.0] AndroidManifest.xml:29:7-61
60-->[com.google.android.gms:play-services-maps:19.1.0] AndroidManifest.xml:29:16-59
61    </queries>
62
63    <permission
63-->[androidx.core:core:1.15.0] AndroidManifest.xml:22:5-24:47
64        android:name="com.example.stepbystep.DYNAMIC_RECEIVER_NOT_EXPORTED_PERMISSION"
64-->[androidx.core:core:1.15.0] AndroidManifest.xml:23:9-81
65        android:protectionLevel="signature" />
65-->[androidx.core:core:1.15.0] AndroidManifest.xml:24:9-44
66
67    <uses-permission android:name="com.example.stepbystep.DYNAMIC_RECEIVER_NOT_EXPORTED_PERMISSION" />
67-->[androidx.core:core:1.15.0] AndroidManifest.xml:26:5-97
67-->[androidx.core:core:1.15.0] AndroidManifest.xml:26:22-94
68
69    <application
69-->src/main/AndroidManifest.xml:40:5-151:19
70        android:allowBackup="true"
70-->src/main/AndroidManifest.xml:41:9-35
71        android:appComponentFactory="androidx.core.app.CoreComponentFactory"
71-->[androidx.core:core:1.15.0] AndroidManifest.xml:28:18-86
72        android:dataExtractionRules="@xml/data_extraction_rules"
72-->src/main/AndroidManifest.xml:42:9-65
73        android:debuggable="true"
74        android:extractNativeLibs="false"
75        android:fullBackupContent="@xml/backup_rules"
75-->src/main/AndroidManifest.xml:43:9-54
76        android:icon="@mipmap/ic_launcher"
76-->src/main/AndroidManifest.xml:44:9-43
77        android:label="@string/app_name"
77-->src/main/AndroidManifest.xml:45:9-41
78        android:roundIcon="@mipmap/ic_launcher_round"
78-->src/main/AndroidManifest.xml:46:9-54
79        android:supportsRtl="true"
79-->src/main/AndroidManifest.xml:47:9-35
80        android:testOnly="true"
81        android:theme="@style/Theme.StepByStep" >
81-->src/main/AndroidManifest.xml:48:9-48
82
83        <!-- ************ API KEYS ************ -->
84        <meta-data
85            android:name="com.google.android.geo.API_KEY"
85-->src/main/AndroidManifest.xml:53:13-58
86            android:value="AIzaSyC89cI3IlWBK307V_qQ5CIsAr2q2Fm4e_o" />
86-->src/main/AndroidManifest.xml:54:13-51
87
88        <!-- ************ ACTIVIDADES ************ -->
89        <!-- Actividad principal (launcher) -->
90        <activity
90-->src/main/AndroidManifest.xml:58:9-65:20
91            android:name="com.example.stepbystep.ui.main.MainActivity"
91-->src/main/AndroidManifest.xml:59:13-49
92            android:exported="true" >
92-->src/main/AndroidManifest.xml:60:13-36
93            <intent-filter>
93-->src/main/AndroidManifest.xml:61:13-64:29
94                <action android:name="android.intent.action.MAIN" />
94-->src/main/AndroidManifest.xml:62:17-69
94-->src/main/AndroidManifest.xml:62:25-66
95
96                <category android:name="android.intent.category.LAUNCHER" />
96-->src/main/AndroidManifest.xml:63:17-77
96-->src/main/AndroidManifest.xml:63:27-74
97            </intent-filter>
98        </activity>
99
100        <!-- Actividad para crear nuevas rutas -->
101        <activity
101-->src/main/AndroidManifest.xml:68:9-70:40
102            android:name="com.example.stepbystep.ui.newroute.NewRouteActivity"
102-->src/main/AndroidManifest.xml:69:13-57
103            android:exported="false" />
103-->src/main/AndroidManifest.xml:70:13-37
104
105        <!-- Actividad para guardar rutas completadas -->
106        <activity
106-->src/main/AndroidManifest.xml:73:9-75:40
107            android:name="com.example.stepbystep.ui.saveroute.SaveRouteActivity"
107-->src/main/AndroidManifest.xml:74:13-59
108            android:exported="false" />
108-->src/main/AndroidManifest.xml:75:13-37
109
110        <!-- Actividad para ver detalles de rutas -->
111        <activity
111-->src/main/AndroidManifest.xml:78:9-80:40
112            android:name="com.example.stepbystep.ui.routedetail.RouteDetailActivity"
112-->src/main/AndroidManifest.xml:79:13-63
113            android:exported="false" />
113-->src/main/AndroidManifest.xml:80:13-37
114
115        <!-- Actividad de perfil de usuario -->
116        <activity
116-->src/main/AndroidManifest.xml:83:9-85:40
117            android:name="com.example.stepbystep.ui.profile.ProfileActivity"
117-->src/main/AndroidManifest.xml:84:13-55
118            android:exported="false" />
118-->src/main/AndroidManifest.xml:85:13-37
119
120        <!-- Actividad para importar rutas GPX -->
121        <activity
121-->src/main/AndroidManifest.xml:88:9-129:20
122            android:name="com.example.stepbystep.ui.importroute.ImportRouteActivity"
122-->src/main/AndroidManifest.xml:89:13-63
123            android:exported="true" >
123-->src/main/AndroidManifest.xml:90:13-36
124
125            <!-- Intent filter para archivos GPX (scheme=file) -->
126            <intent-filter>
126-->src/main/AndroidManifest.xml:93:13-100:29
127                <action android:name="android.intent.action.VIEW" />
127-->src/main/AndroidManifest.xml:94:17-69
127-->src/main/AndroidManifest.xml:94:25-66
128
129                <category android:name="android.intent.category.DEFAULT" />
129-->src/main/AndroidManifest.xml:95:17-76
129-->src/main/AndroidManifest.xml:95:27-73
130                <category android:name="android.intent.category.BROWSABLE" />
130-->src/main/AndroidManifest.xml:96:17-78
130-->src/main/AndroidManifest.xml:96:27-75
131
132                <data
132-->src/main/AndroidManifest.xml:97:17-99:56
133                    android:mimeType="*/*"
133-->src/main/AndroidManifest.xml:98:23-45
134                    android:pathPattern=".*\\.gpx"
134-->src/main/AndroidManifest.xml:99:23-53
135                    android:scheme="file" />
135-->src/main/AndroidManifest.xml:97:23-44
136            </intent-filter>
137
138            <!-- Intent filter para archivos GPX (scheme=content) -->
139            <intent-filter>
139-->src/main/AndroidManifest.xml:103:13-109:29
140                <action android:name="android.intent.action.VIEW" />
140-->src/main/AndroidManifest.xml:94:17-69
140-->src/main/AndroidManifest.xml:94:25-66
141
142                <category android:name="android.intent.category.DEFAULT" />
142-->src/main/AndroidManifest.xml:95:17-76
142-->src/main/AndroidManifest.xml:95:27-73
143                <category android:name="android.intent.category.BROWSABLE" />
143-->src/main/AndroidManifest.xml:96:17-78
143-->src/main/AndroidManifest.xml:96:27-75
144
145                <data
145-->src/main/AndroidManifest.xml:97:17-99:56
146                    android:mimeType="application/gpx+xml"
146-->src/main/AndroidManifest.xml:98:23-45
147                    android:scheme="content" />
147-->src/main/AndroidManifest.xml:97:23-44
148            </intent-filter>
149
150            <!-- Intent filter para archivos XML que podrían ser GPX -->
151            <intent-filter>
151-->src/main/AndroidManifest.xml:112:13-118:29
152                <action android:name="android.intent.action.VIEW" />
152-->src/main/AndroidManifest.xml:94:17-69
152-->src/main/AndroidManifest.xml:94:25-66
153
154                <category android:name="android.intent.category.DEFAULT" />
154-->src/main/AndroidManifest.xml:95:17-76
154-->src/main/AndroidManifest.xml:95:27-73
155                <category android:name="android.intent.category.BROWSABLE" />
155-->src/main/AndroidManifest.xml:96:17-78
155-->src/main/AndroidManifest.xml:96:27-75
156
157                <data
157-->src/main/AndroidManifest.xml:97:17-99:56
158                    android:mimeType="application/xml"
158-->src/main/AndroidManifest.xml:98:23-45
159                    android:scheme="content" />
159-->src/main/AndroidManifest.xml:97:23-44
160            </intent-filter>
161
162            <!-- Intent filter para archivos con extensión .gpx sin tipo MIME específico -->
163            <intent-filter>
163-->src/main/AndroidManifest.xml:121:13-128:29
164                <action android:name="android.intent.action.VIEW" />
164-->src/main/AndroidManifest.xml:94:17-69
164-->src/main/AndroidManifest.xml:94:25-66
165
166                <category android:name="android.intent.category.DEFAULT" />
166-->src/main/AndroidManifest.xml:95:17-76
166-->src/main/AndroidManifest.xml:95:27-73
167                <category android:name="android.intent.category.BROWSABLE" />
167-->src/main/AndroidManifest.xml:96:17-78
167-->src/main/AndroidManifest.xml:96:27-75
168
169                <data
169-->src/main/AndroidManifest.xml:97:17-99:56
170                    android:mimeType="*/*"
170-->src/main/AndroidManifest.xml:98:23-45
171                    android:pathPattern=".*\\.gpx"
171-->src/main/AndroidManifest.xml:99:23-53
172                    android:scheme="content" />
172-->src/main/AndroidManifest.xml:97:23-44
173            </intent-filter>
174        </activity>
175
176        <!-- ************ PROVEEDORES ************ -->
177        <!-- Proveedor de archivos para compartir -->
178        <provider
179            android:name="androidx.core.content.FileProvider"
179-->src/main/AndroidManifest.xml:134:13-62
180            android:authorities="com.example.stepbystep.fileprovider"
180-->src/main/AndroidManifest.xml:135:13-64
181            android:exported="false"
181-->src/main/AndroidManifest.xml:136:13-37
182            android:grantUriPermissions="true" >
182-->src/main/AndroidManifest.xml:137:13-47
183            <meta-data
183-->src/main/AndroidManifest.xml:138:13-140:54
184                android:name="android.support.FILE_PROVIDER_PATHS"
184-->src/main/AndroidManifest.xml:139:17-67
185                android:resource="@xml/file_paths" />
185-->src/main/AndroidManifest.xml:140:17-51
186        </provider>
187
188        <!-- ************ SERVICIOS ************ -->
189        <!-- Servicio de tracking de ubicación -->
190        <service
190-->src/main/AndroidManifest.xml:145:9-149:56
191            android:name="com.example.stepbystep.service.LocationTrackingService"
191-->src/main/AndroidManifest.xml:146:13-60
192            android:enabled="true"
192-->src/main/AndroidManifest.xml:147:13-35
193            android:exported="false"
193-->src/main/AndroidManifest.xml:148:13-37
194            android:foregroundServiceType="location" />
194-->src/main/AndroidManifest.xml:149:13-53
195        <service
195-->[androidx.room:room-runtime:2.6.1] AndroidManifest.xml:24:9-28:63
196            android:name="androidx.room.MultiInstanceInvalidationService"
196-->[androidx.room:room-runtime:2.6.1] AndroidManifest.xml:25:13-74
197            android:directBootAware="true"
197-->[androidx.room:room-runtime:2.6.1] AndroidManifest.xml:26:13-43
198            android:exported="false" /> <!-- Needs to be explicitly declared on P+ -->
198-->[androidx.room:room-runtime:2.6.1] AndroidManifest.xml:27:13-37
199        <uses-library
199-->[com.google.android.gms:play-services-maps:19.1.0] AndroidManifest.xml:33:7-86
200            android:name="org.apache.http.legacy"
200-->[com.google.android.gms:play-services-maps:19.1.0] AndroidManifest.xml:33:21-58
201            android:required="false" />
201-->[com.google.android.gms:play-services-maps:19.1.0] AndroidManifest.xml:33:59-83
202
203        <activity
203-->[com.google.android.gms:play-services-base:18.5.0] AndroidManifest.xml:5:9-173
204            android:name="com.google.android.gms.common.api.GoogleApiActivity"
204-->[com.google.android.gms:play-services-base:18.5.0] AndroidManifest.xml:5:19-85
205            android:exported="false"
205-->[com.google.android.gms:play-services-base:18.5.0] AndroidManifest.xml:5:146-170
206            android:theme="@android:style/Theme.Translucent.NoTitleBar" />
206-->[com.google.android.gms:play-services-base:18.5.0] AndroidManifest.xml:5:86-145
207
208        <meta-data
208-->[com.google.android.gms:play-services-basement:18.4.0] AndroidManifest.xml:6:9-122
209            android:name="com.google.android.gms.version"
209-->[com.google.android.gms:play-services-basement:18.4.0] AndroidManifest.xml:6:20-65
210            android:value="@integer/google_play_services_version" />
210-->[com.google.android.gms:play-services-basement:18.4.0] AndroidManifest.xml:6:66-119
211
212        <provider
212-->[androidx.emoji2:emoji2:1.3.0] AndroidManifest.xml:24:9-32:20
213            android:name="androidx.startup.InitializationProvider"
213-->[androidx.emoji2:emoji2:1.3.0] AndroidManifest.xml:25:13-67
214            android:authorities="com.example.stepbystep.androidx-startup"
214-->[androidx.emoji2:emoji2:1.3.0] AndroidManifest.xml:26:13-68
215            android:exported="false" >
215-->[androidx.emoji2:emoji2:1.3.0] AndroidManifest.xml:27:13-37
216            <meta-data
216-->[androidx.emoji2:emoji2:1.3.0] AndroidManifest.xml:29:13-31:52
217                android:name="androidx.emoji2.text.EmojiCompatInitializer"
217-->[androidx.emoji2:emoji2:1.3.0] AndroidManifest.xml:30:17-75
218                android:value="androidx.startup" />
218-->[androidx.emoji2:emoji2:1.3.0] AndroidManifest.xml:31:17-49
219            <meta-data
219-->[androidx.lifecycle:lifecycle-process:2.8.7] AndroidManifest.xml:29:13-31:52
220                android:name="androidx.lifecycle.ProcessLifecycleInitializer"
220-->[androidx.lifecycle:lifecycle-process:2.8.7] AndroidManifest.xml:30:17-78
221                android:value="androidx.startup" />
221-->[androidx.lifecycle:lifecycle-process:2.8.7] AndroidManifest.xml:31:17-49
222            <meta-data
222-->[androidx.profileinstaller:profileinstaller:1.4.0] AndroidManifest.xml:29:13-31:52
223                android:name="androidx.profileinstaller.ProfileInstallerInitializer"
223-->[androidx.profileinstaller:profileinstaller:1.4.0] AndroidManifest.xml:30:17-85
224                android:value="androidx.startup" />
224-->[androidx.profileinstaller:profileinstaller:1.4.0] AndroidManifest.xml:31:17-49
225        </provider>
226
227        <receiver
227-->[androidx.profileinstaller:profileinstaller:1.4.0] AndroidManifest.xml:34:9-52:20
228            android:name="androidx.profileinstaller.ProfileInstallReceiver"
228-->[androidx.profileinstaller:profileinstaller:1.4.0] AndroidManifest.xml:35:13-76
229            android:directBootAware="false"
229-->[androidx.profileinstaller:profileinstaller:1.4.0] AndroidManifest.xml:36:13-44
230            android:enabled="true"
230-->[androidx.profileinstaller:profileinstaller:1.4.0] AndroidManifest.xml:37:13-35
231            android:exported="true"
231-->[androidx.profileinstaller:profileinstaller:1.4.0] AndroidManifest.xml:38:13-36
232            android:permission="android.permission.DUMP" >
232-->[androidx.profileinstaller:profileinstaller:1.4.0] AndroidManifest.xml:39:13-57
233            <intent-filter>
233-->[androidx.profileinstaller:profileinstaller:1.4.0] AndroidManifest.xml:40:13-42:29
234                <action android:name="androidx.profileinstaller.action.INSTALL_PROFILE" />
234-->[androidx.profileinstaller:profileinstaller:1.4.0] AndroidManifest.xml:41:17-91
234-->[androidx.profileinstaller:profileinstaller:1.4.0] AndroidManifest.xml:41:25-88
235            </intent-filter>
236            <intent-filter>
236-->[androidx.profileinstaller:profileinstaller:1.4.0] AndroidManifest.xml:43:13-45:29
237                <action android:name="androidx.profileinstaller.action.SKIP_FILE" />
237-->[androidx.profileinstaller:profileinstaller:1.4.0] AndroidManifest.xml:44:17-85
237-->[androidx.profileinstaller:profileinstaller:1.4.0] AndroidManifest.xml:44:25-82
238            </intent-filter>
239            <intent-filter>
239-->[androidx.profileinstaller:profileinstaller:1.4.0] AndroidManifest.xml:46:13-48:29
240                <action android:name="androidx.profileinstaller.action.SAVE_PROFILE" />
240-->[androidx.profileinstaller:profileinstaller:1.4.0] AndroidManifest.xml:47:17-88
240-->[androidx.profileinstaller:profileinstaller:1.4.0] AndroidManifest.xml:47:25-85
241            </intent-filter>
242            <intent-filter>
242-->[androidx.profileinstaller:profileinstaller:1.4.0] AndroidManifest.xml:49:13-51:29
243                <action android:name="androidx.profileinstaller.action.BENCHMARK_OPERATION" />
243-->[androidx.profileinstaller:profileinstaller:1.4.0] AndroidManifest.xml:50:17-95
243-->[androidx.profileinstaller:profileinstaller:1.4.0] AndroidManifest.xml:50:25-92
244            </intent-filter>
245        </receiver>
246    </application>
247
248</manifest>